<?xml version="1.0" encoding="UTF-8"?>
<!-- Generated by org.testng.reporters.JUnitReportReporter -->
<testsuite name="DemoPackage.NewTest" tests="1" time="0.720" ignored="0" failures="0" timestamp="06 Jan 2017 11:01:38 GMT" skipped="0" hostname="GOVTECH-CTMO-02" errors="0">
  <testcase name="LoadingGoolePg" time="0.720" classname="DemoPackage.NewTest"/>
</testsuite> <!-- DemoPackage.NewTest -->
